Copy Files to temporary Path
Copy Project Directory from Y:\SWDEV4_PUM\Allgemeine Projektdokumente\Heraeus\SW_PUM\V2600505\QVis to C:\Users\MARCOP~1\AppData\Local\Temp\QVisTmp
Copy Symbol Directory from .\bitmap to C:\Users\MARCOP~1\AppData\Local\Temp\QVisTmp\Symbol
Copy Object Directory from .\object to C:\Users\MARCOP~1\AppData\Local\Temp\QVisTmp\Object
Copy Page Directory from .\page to C:\Users\MARCOP~1\AppData\Local\Temp\QVisTmp\Page
Copy TextList Directory from .\textlist to C:\Users\MARCOP~1\AppData\Local\Temp\QVisTmp\TextList
Copy Font Directory from .\character to C:\Users\MARCOP~1\AppData\Local\Temp\QVisTmp\Chs
Loading...
    c:\users\marcop~1\appdata\local\temp\qvistmp\page\Normal_Task1_Page1.qpa
    c:\users\marcop~1\appdata\local\temp\qvistmp\page\Normal_Task1_Page2.qpa
    c:\users\marcop~1\appdata\local\temp\qvistmp\page\Normal_Task1_Page3.qpa
    c:\users\marcop~1\appdata\local\temp\qvistmp\page\Normal_Task1_Page4.qpa
    c:\users\marcop~1\appdata\local\temp\qvistmp\page\Normal_Task1_Page5.qpa
    c:\users\marcop~1\appdata\local\temp\qvistmp\page\Normal_Task2_Page1.qpa
    c:\users\marcop~1\appdata\local\temp\qvistmp\page\Normal_Task3_Page1.qpa
    c:\users\marcop~1\appdata\local\temp\qvistmp\page\Normal_Task4_Page1.qpa
    c:\users\marcop~1\appdata\local\temp\qvistmp\page\Normal_Task4_Page2.qpa
    c:\users\marcop~1\appdata\local\temp\qvistmp\page\Normal_Task4_Page3.qpa
    c:\users\marcop~1\appdata\local\temp\qvistmp\page\Normal_Task4_Page4.qpa
    c:\users\marcop~1\appdata\local\temp\qvistmp\page\Normal_Task4_Page5.qpa
    c:\users\marcop~1\appdata\local\temp\qvistmp\page\Normal_Task4_Page6.qpa
    c:\users\marcop~1\appdata\local\temp\qvistmp\page\Normal_Task5_Page1.qpa
    c:\users\marcop~1\appdata\local\temp\qvistmp\page\Normal_Task5_Page2.qpa
    c:\users\marcop~1\appdata\local\temp\qvistmp\page\Normal_Task5_Page3.qpa
    c:\users\marcop~1\appdata\local\temp\qvistmp\page\Normal_Task6_Page1.qpa
    c:\users\marcop~1\appdata\local\temp\qvistmp\page\Normal_Param_P1.qpa
    c:\users\marcop~1\appdata\local\temp\qvistmp\page\KeypadNum_2x.qpa
    c:\users\marcop~1\appdata\local\temp\qvistmp\page\TextKeypad_gross.qpa
    c:\users\marcop~1\appdata\local\temp\qvistmp\page\TextSymbolKeypad_2x.qpa
    c:\users\marcop~1\appdata\local\temp\qvistmp\page\OverlaySimulation.qpa
    c:\users\marcop~1\appdata\local\temp\qvistmp\page\SetupA_Task1_Page1.qpa
    c:\users\marcop~1\appdata\local\temp\qvistmp\page\SetupA_Task1_Page2.qpa
    c:\users\marcop~1\appdata\local\temp\qvistmp\page\SetupA_Task1_Page3.qpa
    c:\users\marcop~1\appdata\local\temp\qvistmp\page\SetupA_Task2_Page1.qpa
    c:\users\marcop~1\appdata\local\temp\qvistmp\page\SetupA_Task3_Page1.qpa
    c:\users\marcop~1\appdata\local\temp\qvistmp\page\SetupA_Task3_Page2.qpa
    c:\users\marcop~1\appdata\local\temp\qvistmp\page\SetupA_Task3_Page3.qpa
    c:\users\marcop~1\appdata\local\temp\qvistmp\page\SetupA_Task3_Page4.qpa
    c:\users\marcop~1\appdata\local\temp\qvistmp\page\SetupA_Task3_Page5.qpa
    c:\users\marcop~1\appdata\local\temp\qvistmp\page\SetupA_Task3_Page6.qpa
    c:\users\marcop~1\appdata\local\temp\qvistmp\page\SetupA_Task3_Page7.qpa
    c:\users\marcop~1\appdata\local\temp\qvistmp\page\SetupA_Task4_Page1.qpa
    c:\users\marcop~1\appdata\local\temp\qvistmp\page\SetupA_Task6_Page1.qpa
    c:\users\marcop~1\appdata\local\temp\qvistmp\page\SetupA_Parameter_Page1.qpa
    c:\users\marcop~1\appdata\local\temp\qvistmp\page\SetupB_Task1_Page1.qpa
    c:\users\marcop~1\appdata\local\temp\qvistmp\page\SetupB_Task1_Page2.qpa
    c:\users\marcop~1\appdata\local\temp\qvistmp\page\SetupB_Task1_Page3.qpa
    c:\users\marcop~1\appdata\local\temp\qvistmp\page\SetupB_Task1_Page4.qpa
    c:\users\marcop~1\appdata\local\temp\qvistmp\page\SetupB_Task2_Page1.qpa
    c:\users\marcop~1\appdata\local\temp\qvistmp\page\SetupB_Task2_Page2.qpa
    c:\users\marcop~1\appdata\local\temp\qvistmp\page\SetupB_Task4_Page1.qpa
    c:\users\marcop~1\appdata\local\temp\qvistmp\page\SetupB_Task5_Page1.qpa
    c:\users\marcop~1\appdata\local\temp\qvistmp\page\SetupB_Task5_Page2.qpa
    c:\users\marcop~1\appdata\local\temp\qvistmp\page\SetupB_Task5_Page3.qpa
    c:\users\marcop~1\appdata\local\temp\qvistmp\page\SetupB_Task5_Page4.qpa
    c:\users\marcop~1\appdata\local\temp\qvistmp\page\SetupB_Task6_Page1.qpa
    c:\users\marcop~1\appdata\local\temp\qvistmp\page\SetupB_Parameter_Page1.qpa
    c:\users\marcop~1\appdata\local\temp\qvistmp\page\SetupC_Task1_Page1.qpa
    c:\users\marcop~1\appdata\local\temp\qvistmp\page\SetupC_Task1_Page2.qpa
    c:\users\marcop~1\appdata\local\temp\qvistmp\page\SetupC_Task1_Page3.qpa
    c:\users\marcop~1\appdata\local\temp\qvistmp\page\SetupC_Task1_Page4.qpa
    c:\users\marcop~1\appdata\local\temp\qvistmp\page\SetupC_Task2_Page1.qpa
    c:\users\marcop~1\appdata\local\temp\qvistmp\page\SetupC_Task2_Page2.qpa
    c:\users\marcop~1\appdata\local\temp\qvistmp\page\SetupC_Task2_Page3.qpa
    c:\users\marcop~1\appdata\local\temp\qvistmp\page\SetupC_Task4_Page1.qpa
    c:\users\marcop~1\appdata\local\temp\qvistmp\page\SetupC_Task5_Page1.qpa
    c:\users\marcop~1\appdata\local\temp\qvistmp\page\SetupC_Task5_Page2.qpa
    c:\users\marcop~1\appdata\local\temp\qvistmp\page\SetupC_Task5_Page3.qpa
    c:\users\marcop~1\appdata\local\temp\qvistmp\page\SetupC_Task5_Page4.qpa
    c:\users\marcop~1\appdata\local\temp\qvistmp\page\SetupC_Task6_Page1.qpa
    c:\users\marcop~1\appdata\local\temp\qvistmp\page\SetupC_Parameter_Page1.qpa
    c:\users\marcop~1\appdata\local\temp\qvistmp\page\Wait_Com.qpa
    c:\users\marcop~1\appdata\local\temp\qvistmp\page\Startpage.qpa
    c:\users\marcop~1\appdata\local\temp\qvistmp\page\Page_BIOS_1.qpa
    c:\users\marcop~1\appdata\local\temp\qvistmp\page\Page_BIOS_2.qpa
Building...
    Texts of Language 1
    Texts of Language 2
Symbols
    c:\users\marcop~1\appdata\local\temp\qvistmp\symbol\BtPanel_left_inactiv.bmp
    c:\users\marcop~1\appdata\local\temp\qvistmp\symbol\BtPanel_left_activ.bmp
    c:\users\marcop~1\appdata\local\temp\qvistmp\symbol\BtUp_80x50.bmp
    c:\users\marcop~1\appdata\local\temp\qvistmp\symbol\BtDown_80x50.bmp
    c:\users\marcop~1\appdata\local\temp\qvistmp\symbol\WarningUp_100x20.bmp
    c:\users\marcop~1\appdata\local\temp\qvistmp\symbol\WarningDown_100x20.bmp
    c:\users\marcop~1\appdata\local\temp\qvistmp\symbol\BtUp_45x20.bmp
    c:\users\marcop~1\appdata\local\temp\qvistmp\symbol\BtDown_45x20.bmp
    c:\users\marcop~1\appdata\local\temp\qvistmp\symbol\Status_None.bmp
    c:\users\marcop~1\appdata\local\temp\qvistmp\symbol\Status_Ok.bmp
    c:\users\marcop~1\appdata\local\temp\qvistmp\symbol\Status_Busy.bmp
    c:\users\marcop~1\appdata\local\temp\qvistmp\symbol\Status_Err.bmp
    c:\users\marcop~1\appdata\local\temp\qvistmp\symbol\LineWhite_110x1.bmp
    c:\users\marcop~1\appdata\local\temp\qvistmp\symbol\LineWhite_1x60.bmp
    c:\users\marcop~1\appdata\local\temp\qvistmp\symbol\Status_white.bmp
    c:\users\marcop~1\appdata\local\temp\qvistmp\symbol\Status_green.bmp
    c:\users\marcop~1\appdata\local\temp\qvistmp\symbol\Status_red.bmp
    c:\users\marcop~1\appdata\local\temp\qvistmp\symbol\Status_yellow.bmp
    c:\users\marcop~1\appdata\local\temp\qvistmp\symbol\LineWhite_480x1.bmp
    c:\users\marcop~1\appdata\local\temp\qvistmp\symbol\HintergrundAxis_470x50.bmp
    c:\users\marcop~1\appdata\local\temp\qvistmp\symbol\BtPanel_right_inactiv.bmp
    c:\users\marcop~1\appdata\local\temp\qvistmp\symbol\BtPage_Nav_VerticalUp.bmp
    c:\users\marcop~1\appdata\local\temp\qvistmp\symbol\BtPage_Nav_Vertical.bmp
    c:\users\marcop~1\appdata\local\temp\qvistmp\symbol\DisplayOverlayMsgError.bmp
    c:\users\marcop~1\appdata\local\temp\qvistmp\symbol\BtUp_160x50.bmp
    c:\users\marcop~1\appdata\local\temp\qvistmp\symbol\BtDown_160x50.bmp
    c:\users\marcop~1\appdata\local\temp\qvistmp\symbol\DisplayOverlayMsgWarning.bmp
    c:\users\marcop~1\appdata\local\temp\qvistmp\symbol\DisplayOverlayMsgInfo.bmp
    c:\users\marcop~1\appdata\local\temp\qvistmp\symbol\DisplayOverlayMsgPreWarning.bmp
    c:\users\marcop~1\appdata\local\temp\qvistmp\symbol\DisplayOverlayMsgRequest.bmp
    c:\users\marcop~1\appdata\local\temp\qvistmp\symbol\HelpUp_20x100.bmp
    c:\users\marcop~1\appdata\local\temp\qvistmp\symbol\HelpDown_20x100.bmp
    c:\users\marcop~1\appdata\local\temp\qvistmp\symbol\HeadInactive_26x26.bmp
    c:\users\marcop~1\appdata\local\temp\qvistmp\symbol\HeadActive_26x26.bmp
    c:\users\marcop~1\appdata\local\temp\qvistmp\symbol\LedOFF_20x20.bmp
    c:\users\marcop~1\appdata\local\temp\qvistmp\symbol\LedWhite_20x20.bmp
    c:\users\marcop~1\appdata\local\temp\qvistmp\symbol\LedBlue_20x20.bmp
    c:\users\marcop~1\appdata\local\temp\qvistmp\symbol\LedGreen_20x20.bmp
    c:\users\marcop~1\appdata\local\temp\qvistmp\symbol\LedYellow_20x20.bmp
    c:\users\marcop~1\appdata\local\temp\qvistmp\symbol\WrongConfig.bmp
    c:\users\marcop~1\appdata\local\temp\qvistmp\symbol\Schleifen1_48x48.bmp
    c:\users\marcop~1\appdata\local\temp\qvistmp\symbol\Schleifen2_48x48.bmp
    c:\users\marcop~1\appdata\local\temp\qvistmp\symbol\Schleifen3_48x48.bmp
    c:\users\marcop~1\appdata\local\temp\qvistmp\symbol\Schleifen4_48x48.bmp
    c:\users\marcop~1\appdata\local\temp\qvistmp\symbol\Schleifen5_48x48.bmp
    c:\users\marcop~1\appdata\local\temp\qvistmp\symbol\Schleifen6_48x48.bmp
    c:\users\marcop~1\appdata\local\temp\qvistmp\symbol\Schleifen7_48x48.bmp
    c:\users\marcop~1\appdata\local\temp\qvistmp\symbol\Schleifen8_48x48.bmp
    c:\users\marcop~1\appdata\local\temp\qvistmp\symbol\Schleifen9_48x48.bmp
    c:\users\marcop~1\appdata\local\temp\qvistmp\symbol\Schleifen10_48x48.bmp
    c:\users\marcop~1\appdata\local\temp\qvistmp\symbol\Schleifen11_48x48.bmp
    c:\users\marcop~1\appdata\local\temp\qvistmp\symbol\Schleifen12_48x48.bmp
    c:\users\marcop~1\appdata\local\temp\qvistmp\symbol\Schleifen13_48x48.bmp
    c:\users\marcop~1\appdata\local\temp\qvistmp\symbol\Schleifen14_48x48.bmp
    c:\users\marcop~1\appdata\local\temp\qvistmp\symbol\Schleifen15_48x48.bmp
    c:\users\marcop~1\appdata\local\temp\qvistmp\symbol\Schleifen16_48x48.bmp
    c:\users\marcop~1\appdata\local\temp\qvistmp\symbol\Schleifen17_48x48.bmp
    c:\users\marcop~1\appdata\local\temp\qvistmp\symbol\Schleifen18_48x48.bmp
    c:\users\marcop~1\appdata\local\temp\qvistmp\symbol\Schleifen19_48x48.bmp
    c:\users\marcop~1\appdata\local\temp\qvistmp\symbol\Schleifen20_48x48.bmp
    c:\users\marcop~1\appdata\local\temp\qvistmp\symbol\Schleifen21_48x48.bmp
    c:\users\marcop~1\appdata\local\temp\qvistmp\symbol\SpindleOFF.bmp
    c:\users\marcop~1\appdata\local\temp\qvistmp\symbol\Bürsten1_48x48.bmp
    c:\users\marcop~1\appdata\local\temp\qvistmp\symbol\Bürsten2_48x48.bmp
    c:\users\marcop~1\appdata\local\temp\qvistmp\symbol\Bürsten3_48x48.bmp
    c:\users\marcop~1\appdata\local\temp\qvistmp\symbol\Bürsten4_48x48.bmp
    c:\users\marcop~1\appdata\local\temp\qvistmp\symbol\Bürsten5_48x48.bmp
    c:\users\marcop~1\appdata\local\temp\qvistmp\symbol\Bürsten6_48x48.bmp
    c:\users\marcop~1\appdata\local\temp\qvistmp\symbol\Bürsten7_48x48.bmp
    c:\users\marcop~1\appdata\local\temp\qvistmp\symbol\Bürsten8_48x48.bmp
    c:\users\marcop~1\appdata\local\temp\qvistmp\symbol\Bürsten9_48x48.bmp
    c:\users\marcop~1\appdata\local\temp\qvistmp\symbol\Bürsten10_48x48.bmp
    c:\users\marcop~1\appdata\local\temp\qvistmp\symbol\Bürsten11_48x48.bmp
    c:\users\marcop~1\appdata\local\temp\qvistmp\symbol\Bürsten12_48x48.bmp
    c:\users\marcop~1\appdata\local\temp\qvistmp\symbol\Bürsten13_48x48.bmp
    c:\users\marcop~1\appdata\local\temp\qvistmp\symbol\Bürsten14_48x48.bmp
    c:\users\marcop~1\appdata\local\temp\qvistmp\symbol\BtFnBackGround.bmp
    c:\users\marcop~1\appdata\local\temp\qvistmp\symbol\Wendelförderer_480x210.bmp
    c:\users\marcop~1\appdata\local\temp\qvistmp\symbol\LedOFF_15x15.bmp
    c:\users\marcop~1\appdata\local\temp\qvistmp\symbol\LedGreen_15x15.bmp
    c:\users\marcop~1\appdata\local\temp\qvistmp\symbol\Wendelförderer_Zyl_OUT_58x15.bmp
    c:\users\marcop~1\appdata\local\temp\qvistmp\symbol\Wendelförderer_Zyl_IN_58x15.bmp
    c:\users\marcop~1\appdata\local\temp\qvistmp\symbol\Wendelförderer_Dorn_KeinPos_177x43.bmp
    c:\users\marcop~1\appdata\local\temp\qvistmp\symbol\Wendelförderer_Dorn_BeladePos_177x43.bmp
    c:\users\marcop~1\appdata\local\temp\qvistmp\symbol\Wendelförderer_Dorn_EntladePos_177x43.bmp
    c:\users\marcop~1\appdata\local\temp\qvistmp\symbol\HelpUp_20x80.bmp
    c:\users\marcop~1\appdata\local\temp\qvistmp\symbol\HelpDown_20x80.bmp
    c:\users\marcop~1\appdata\local\temp\qvistmp\symbol\BtUpYellow_160x60.bmp
    c:\users\marcop~1\appdata\local\temp\qvistmp\symbol\BtDownYellow_160x60.bmp
    c:\users\marcop~1\appdata\local\temp\qvistmp\symbol\BtUpRed_160x60.bmp
    c:\users\marcop~1\appdata\local\temp\qvistmp\symbol\BtDownRed_160x60.bmp
    c:\users\marcop~1\appdata\local\temp\qvistmp\symbol\BackgroundYellow_450x80.bmp
    c:\users\marcop~1\appdata\local\temp\qvistmp\symbol\HelpUp_20x70.bmp
    c:\users\marcop~1\appdata\local\temp\qvistmp\symbol\HelpDown_20x70.bmp
    c:\users\marcop~1\appdata\local\temp\qvistmp\symbol\BtUp_160x100.bmp
    c:\users\marcop~1\appdata\local\temp\qvistmp\symbol\BtDown_160x100.bmp
    c:\users\marcop~1\appdata\local\temp\qvistmp\symbol\Overlay_Grey_480x335.bmp
    c:\users\marcop~1\appdata\local\temp\qvistmp\symbol\MaschinenBeleuchtung_160x12.bmp
    c:\users\marcop~1\appdata\local\temp\qvistmp\symbol\MMI_200x115.bmp
    c:\users\marcop~1\appdata\local\temp\qvistmp\symbol\Werkerruflampe_30x150.bmp
    c:\users\marcop~1\appdata\local\temp\qvistmp\symbol\LedRed_20x20.bmp
    c:\users\marcop~1\appdata\local\temp\qvistmp\symbol\LedOFF_24x24.bmp
    c:\users\marcop~1\appdata\local\temp\qvistmp\symbol\LedGreen_24x24.bmp
    c:\users\marcop~1\appdata\local\temp\qvistmp\symbol\LedRed_24x24.bmp
    c:\users\marcop~1\appdata\local\temp\qvistmp\symbol\LedYellow_24x24.bmp
    c:\users\marcop~1\appdata\local\temp\qvistmp\symbol\LedOFF_30x8.bmp
    c:\users\marcop~1\appdata\local\temp\qvistmp\symbol\LedYellow_30x8.bmp
    c:\users\marcop~1\appdata\local\temp\qvistmp\symbol\list_page_up.bmp
    c:\users\marcop~1\appdata\local\temp\qvistmp\symbol\list_up.bmp
    c:\users\marcop~1\appdata\local\temp\qvistmp\symbol\list_down.bmp
    c:\users\marcop~1\appdata\local\temp\qvistmp\symbol\list_page_down.bmp
    c:\users\marcop~1\appdata\local\temp\qvistmp\symbol\edit_param.bmp
    c:\users\marcop~1\appdata\local\temp\qvistmp\symbol\BtUp_80x37.bmp
    c:\users\marcop~1\appdata\local\temp\qvistmp\symbol\BtDown_80x37.bmp
    c:\users\marcop~1\appdata\local\temp\qvistmp\symbol\EingabefeldKeyPad_2x.bmp
    c:\users\marcop~1\appdata\local\temp\qvistmp\symbol\down40.bmp
    c:\users\marcop~1\appdata\local\temp\qvistmp\symbol\0.bmp
    c:\users\marcop~1\appdata\local\temp\qvistmp\symbol\1.bmp
    c:\users\marcop~1\appdata\local\temp\qvistmp\symbol\2.bmp
    c:\users\marcop~1\appdata\local\temp\qvistmp\symbol\3.bmp
    c:\users\marcop~1\appdata\local\temp\qvistmp\symbol\4.bmp
    c:\users\marcop~1\appdata\local\temp\qvistmp\symbol\5.bmp
    c:\users\marcop~1\appdata\local\temp\qvistmp\symbol\6.bmp
    c:\users\marcop~1\appdata\local\temp\qvistmp\symbol\7.bmp
    c:\users\marcop~1\appdata\local\temp\qvistmp\symbol\8.bmp
    c:\users\marcop~1\appdata\local\temp\qvistmp\symbol\9.bmp
    c:\users\marcop~1\appdata\local\temp\qvistmp\symbol\cancel.bmp
    c:\users\marcop~1\appdata\local\temp\qvistmp\symbol\Ok.bmp
    c:\users\marcop~1\appdata\local\temp\qvistmp\symbol\backspace.bmp
    c:\users\marcop~1\appdata\local\temp\qvistmp\symbol\punkt.bmp
    c:\users\marcop~1\appdata\local\temp\qvistmp\symbol\plusminus.bmp
    c:\users\marcop~1\appdata\local\temp\qvistmp\symbol\LineGrey_width370.bmp
    c:\users\marcop~1\appdata\local\temp\qvistmp\symbol\up40.bmp
    c:\users\marcop~1\appdata\local\temp\qvistmp\symbol\spaceUp_gross.bmp
    c:\users\marcop~1\appdata\local\temp\qvistmp\symbol\spaceDown_gross.bmp
    c:\users\marcop~1\appdata\local\temp\qvistmp\symbol\ShiftUp_gross.bmp
    c:\users\marcop~1\appdata\local\temp\qvistmp\symbol\ShiftDown_gross.bmp
    c:\users\marcop~1\appdata\local\temp\qvistmp\symbol\Maschine_M4_480x123.bmp
    c:\users\marcop~1\appdata\local\temp\qvistmp\symbol\Maschine_M4_480x123_S6.bmp
    c:\users\marcop~1\appdata\local\temp\qvistmp\symbol\Maschine_M4_480x123_Wendelf.bmp
    c:\users\marcop~1\appdata\local\temp\qvistmp\symbol\Maschine_M4_480x123_S6_Wendelf.bmp
    c:\users\marcop~1\appdata\local\temp\qvistmp\symbol\Maschine_M4_480x123_Measure.bmp
    c:\users\marcop~1\appdata\local\temp\qvistmp\symbol\Maschine_M4_480x123_S6_Measure.bmp
    c:\users\marcop~1\appdata\local\temp\qvistmp\symbol\Maschine_M4_480x123_Wendelf_Measure.bmp
    c:\users\marcop~1\appdata\local\temp\qvistmp\symbol\Maschine_M4_480x123_S6_Wendelf_Measure.bmp
    c:\users\marcop~1\appdata\local\temp\qvistmp\symbol\LineWhite_420x1.bmp
    c:\users\marcop~1\appdata\local\temp\qvistmp\symbol\Overlay_Grey_480x285.bmp
    c:\users\marcop~1\appdata\local\temp\qvistmp\symbol\Magazin_WP150.bmp
    c:\users\marcop~1\appdata\local\temp\qvistmp\symbol\Magazin_WP117.bmp
    c:\users\marcop~1\appdata\local\temp\qvistmp\symbol\Magazin_WP77.bmp
    c:\users\marcop~1\appdata\local\temp\qvistmp\symbol\WstkRefKonv_155x254.bmp
    c:\users\marcop~1\appdata\local\temp\qvistmp\symbol\WstkRefTaktil_198x200.bmp
    c:\users\marcop~1\appdata\local\temp\qvistmp\symbol\Overlay_Grey_480x385.bmp
    c:\users\marcop~1\appdata\local\temp\qvistmp\symbol\BtUp_160x35.bmp
    c:\users\marcop~1\appdata\local\temp\qvistmp\symbol\BtDown_160x35.bmp
    c:\users\marcop~1\appdata\local\temp\qvistmp\symbol\LineWhite_width280.bmp
    c:\users\marcop~1\appdata\local\temp\qvistmp\symbol\up50.bmp
    c:\users\marcop~1\appdata\local\temp\qvistmp\symbol\down50.bmp
    c:\users\marcop~1\appdata\local\temp\qvistmp\symbol\BackgroundWarning_305x90.bmp
    c:\users\marcop~1\appdata\local\temp\qvistmp\symbol\BtUp_160x60.bmp
    c:\users\marcop~1\appdata\local\temp\qvistmp\symbol\BtDown_160x60.bmp
    c:\users\marcop~1\appdata\local\temp\qvistmp\symbol\LogoQVisKlein.bmp
    c:\users\marcop~1\appdata\local\temp\qvistmp\symbol\LogoMicrocut2002Gross_weiss_bkgrd.bmp
    c:\users\marcop~1\appdata\local\temp\qvistmp\symbol\SelectButtonUp_S5.bmp
    c:\users\marcop~1\appdata\local\temp\qvistmp\symbol\SelectButtonDown_S5 .bmp
    c:\users\marcop~1\appdata\local\temp\qvistmp\symbol\SelectButtonUp_S6.bmp
    c:\users\marcop~1\appdata\local\temp\qvistmp\symbol\SelectButtonDown_S6 .bmp
Variables
Pages
    c:\users\marcop~1\appdata\local\temp\qvistmp\page\Normal_Task1_Page1.qpa
        BackgroundGanzerInnenbereich.qob
        Message_Line_Deutsch.qob
        SecurityStateMessage.qob
        BtPanel_Left.qob
        BtPanel_Left_Text.qob
        Taskbar_NormalOperate.qob
        PageHeader.qob
        MachineState.qob
        StationStateGrindingFrame.qob
        StationStateGrinding.qob
        StationStateHandlingFrame.qob
        StationStateHandling.qob
        OverrideEdit.qob
        ProfileBarCommonState.qob
        AutoCycleTime.qob
        AutoMsgSimulationActive.qob
        WhiteLine_480x1.qob
        WhiteLine_480x1.qob
        HintergrundAxis_470x50.qob
        AxisValH1.qob
        AxisValH2.qob
        BtPanelRight_Normal_Task1_Page1.qob
        AutoState_PalIN_HandMode.qob
        AutoState_PalOUT_HandMode.qob
        WPHolderInfoMan.qob
        WPReferenceInfo.qob
        MessageErrorOverlay.qob
        MessageWarningOverlay.qob
        MessageInfoOverlay.qob
        MessagePreWarningOverlay.qob
        ProzessDatenInput.qob
        ProzessDatenInputKommentar.qob
    c:\users\marcop~1\appdata\local\temp\qvistmp\page\Normal_Task1_Page2.qpa
        BackgroundGanzerInnenbereich.qob
        BtPanel_Left.qob
        BtPanel_Left_Text.qob
        Taskbar_NormalOperate.qob
        BtPanelRight_Normal_Task1_Page1.qob
        PageHeader.qob
        MachineState.qob
        OverrideEdit.qob
        ProfileBarCommonState.qob
        FnBtFunction_Normal_Task1_Page2.qob
        AutoStateProc_H1.qob
        AutoStateProc_H2.qob
        AutoState_PalIN.qob
        AutoState_PalOUT.qob
        AutoState_StaRef.qob
        AutoMsgSimulationActive.qob
        AutoState_StaCutChk.qob
        AutoStateProc_Nest1.qob
        AutoStateProc_Nest2.qob
        WhiteLine_480x1.qob
        WhiteLine_480x1.qob
        OperationWorked.qob
        WPHolderInfoMan.qob
        Message_Line_Deutsch.qob
        SecurityStateMessage.qob
        AutoState_BowlFeeder.qob
        H2_Info_Wendelförderer.qob
        MessagePreWarningOverlay.qob
        ProzessDatenInput.qob
        ProzessDatenInputKommentar.qob
    c:\users\marcop~1\appdata\local\temp\qvistmp\page\Normal_Task1_Page3.qpa
        BackgroundGanzerInnenbereich.qob
        Message_Line_Deutsch.qob
        SecurityStateMessage.qob
        BtPanel_Left.qob
        BtPanel_Left_Text.qob
        Taskbar_NormalOperate.qob
        BtPanelRight_Normal_Task1_Page1.qob
        PageHeader.qob
        MachineState.qob
        OverrideEdit.qob
        ProfileBarCommonState.qob
        AutoMsgSimulationActive.qob
        WhiteLine_480x1.qob
        WhiteLine_480x1.qob
        CorrecturS_Select.qob
        H1_Info_F7.qob
        H1_Info_F8.qob
        H1_Info_F9.qob
        H1_Info_F12.qob
        H1_Info_F13.qob
        H1_Info_F17.qob
        H1_Info_F18.qob
        WPHolderInfoMan.qob
        CorrecturS_Select_S6.qob
        H1_Info_F19.qob
        H1_Info_F20.qob
        MessagePreWarningOverlay.qob
        ProzessDatenInput.qob
        ProzessDatenInputKommentar.qob
    c:\users\marcop~1\appdata\local\temp\qvistmp\page\Normal_Task1_Page4.qpa
        BackgroundGanzerInnenbereich.qob
        BtPanel_Left.qob
        BtPanel_Left_Text.qob
        Taskbar_NormalOperate.qob
        BtPanelRight_Normal_Task1_Page1.qob
        PageHeader.qob
        MachineState.qob
        OverrideEdit.qob
        ProfileBarCommonState.qob
        AutoMsgSimulationActive.qob
        FnBtFunction_Normal_Task1_Page4.qob
        AutoCorrectureS.qob
        WhiteLine_480x1.qob
        WhiteLine_480x1.qob
        CorrecturS_Select.qob
        CorrecturS_Type_Select2.qob
        FnBtFunction_Normal_Task1_Page4_2.qob
        AutoCorrectureS_C.qob
        CorrecturS_Type_Select1.qob
        Message_Line_Deutsch.qob
        SecurityStateMessage.qob
        CorrecturS_Select_S6.qob
        CorrecturS_Type_Select2.qob
        CorrecturS_Type_Select3.qob
        FnBtFunction_Normal_Task1_Page4_3.qob
        CorrecturB_Select.qob
        ProzessDatenInputKommentar.qob
        ProzessDatenInput.qob
        MessagePreWarningOverlay.qob
    c:\users\marcop~1\appdata\local\temp\qvistmp\page\Normal_Task1_Page5.qpa
        ProzessDaten.qob
        Message_Line_Deutsch.qob
        SecurityStateMessage.qob
        BtPanel_Left.qob
        BtPanel_Left_Text.qob
        Taskbar_NormalOperate.qob
        PageHeader.qob
        MachineState.qob
        ProfileBarCommonState.qob
        AutoMsgSimulationActive.qob
        BtPanelRight_Normal_Task1_Page1.qob
        MessagePreWarningOverlay.qob
        ProzessDatenInput.qob
        ProzessDatenInputKommentar.qob
    c:\users\marcop~1\appdata\local\temp\qvistmp\page\Normal_Task2_Page1.qpa
        BackgroundGanzerInnenbereich.qob
        MaschinenReferenzierung.qob
        MaschinenRefAxisState.qob
        BtPanelRight_Normal_Task2_Page1.qob
        Message_Line_Deutsch.qob
        SecurityStateMessage.qob
        BtPanel_Left.qob
        BtPanel_Left_Text.qob
        Taskbar_NormalOperate.qob
        PageHeader.qob
        MachineState.qob
        StationStateGrindingFrame.qob
        StationStateGrinding.qob
        StationStateHandlingFrame.qob
        StationStateHandling.qob
        OverrideEdit.qob
        ProfileBarCommonState.qob
        MessageErrorOverlay.qob
        MessageWarningOverlay.qob
        MessageInfoOverlay.qob
        WhiteLine_480x1.qob
        WhiteLine_480x1.qob
    c:\users\marcop~1\appdata\local\temp\qvistmp\page\Normal_Task3_Page1.qpa
        BackgroundGanzerInnenbereich2.qob
        WPUnloadSelect.qob
        StationStateHandlingFrame.qob
        StationStateGrindingFrame.qob
        AutoState.qob
        MaschinenWstkEntlade.qob
        StationStateGrinding.qob
        StationStateHandling.qob
        BtPanel_Left.qob
        BtPanel_Left_Text.qob
        Taskbar_NormalOperate.qob
        BtPanelRight_Normal_Task3_Page1.qob
        PageHeader.qob
        Message_Line_Deutsch.qob
        MachineState.qob
        SecurityStateMessage.qob
        ProfileBarCommonState.qob
        OverrideEdit.qob
        WhiteLine_480x1.qob
        WhiteLine_480x1.qob
        WPUnloadSelect_WP2.qob
        MessageWarningOverlay.qob
        MessageErrorOverlay.qob
        MessageInfoOverlay.qob
    c:\users\marcop~1\appdata\local\temp\qvistmp\page\Normal_Task4_Page1.qpa
        BackgroundGanzerInnenbereich1.qob
        AutoWPCounterTotal_NIO.qob
        AutoWPCounterTotal_IO.qob
        BtPanelRight_Normal_Task4_Page2.qob
        Message_Line_Deutsch.qob
        SecurityStateMessage.qob
        BtPanel_Left.qob
        BtPanel_Left_Text.qob
        Taskbar_NormalOperate.qob
        PageHeader.qob
        MachineState.qob
        Counter_Select.qob
        Line_480x1.qob
        Line_480x1.qob
        Line_480x1.qob
        Line_480x1.qob
        Line_480x1.qob
        AutoWPCounterIO.qob
        AutoWPCounterNIO.qob
        AutoWPCounterCut.qob
        AutoWPCounterBrushB1.qob
        AutoWPCounterBrushB2.qob
        AutoWPCounterBrushB3.qob
        AutoWPCounterS1_1.qob
        AutoWPCounterS1_2.qob
        AutoWPCounterS2_1.qob
        AutoWPCounterS2_2.qob
        AutoWPCounterS3.qob
        AutoWPCounterS4.qob
        AutoWPCounterS5.qob
        AutoWPCounterChuckClean.qob
        Line_480x1.qob
        Line_480x1.qob
        Line_480x1.qob
        AutoWPCounterS6_1.qob
        AutoWPCounterS6_2.qob
    c:\users\marcop~1\appdata\local\temp\qvistmp\page\Normal_Task4_Page2.qpa
        BtPanelRight_Normal_Task4_Page2.qob
        BackgroundGanzerInnenbereich.qob
        Message_Line_Deutsch.qob
        SecurityStateMessage.qob
        BtPanel_Left.qob
        BtPanel_Left_Text.qob
        Taskbar_NormalOperate.qob
        PageHeader.qob
        MachineState.qob
        StationStateGrindingFrame.qob
        StationStateGrinding.qob
        FnBtFunction_NormalT4_P42a.qob
        H1_Info_F5.qob
    c:\users\marcop~1\appdata\local\temp\qvistmp\page\Normal_Task4_Page3.qpa
        BackgroundGanzerInnenbereich1.qob
        AutoCycleTimeHysto.qob
        BtPanelRight_Normal_Task4_Page3.qob
        Message_Line_Deutsch.qob
        SecurityStateMessage.qob
        BtPanel_Left.qob
        BtPanel_Left_Text.qob
        Taskbar_NormalOperate.qob
        PageHeader.qob
        MachineState.qob
        FnBtFunction_NormalT4_P41.qob
        CounterCycleTimeSpindle.qob
    c:\users\marcop~1\appdata\local\temp\qvistmp\page\Normal_Task4_Page4.qpa
        BackgroundGanzerInnenbereich.qob
        BtPanelRight_Normal_Task4_Page4.qob
        Message_Line_Deutsch.qob
        SecurityStateMessage.qob
        BtPanel_Left.qob
        BtPanel_Left_Text.qob
        Taskbar_NormalOperate.qob
        PageHeader.qob
        MachineState.qob
        ToolChangeGeneralInfo.qob
        ToolChangeBrushB1Info.qob
        ToolChangeBrushB2Info.qob
        ToolChangeBrushB3Info.qob
        ToolChangeGrindInfoS1S2S6.qob
        ToolChange_Select.qob
        FnBtFunction_Normal_Task4_Page4_1.qob
        FnBtFunction_Normal_Task4_Page4_2.qob
        FnBtFunction_Normal_Task4_Page4_3.qob
        FnBtFunction_Normal_Task4_Page4_4.qob
        FnBtFunction_Normal_Task4_Page4_5.qob
        ToolChangeGrindInfoS3S4S5.qob
        FnBtFunction_Normal_Task4_Page4_6.qob
        ToolChange_SelectBrush.qob
        FnBtFunction_Normal_Task4_Page4_2.qob
        FnBtFunction_Normal_Task4_Page4_3.qob
        FnBtFunction_Normal_Task4_Page4_4.qob
        ToolChangeBrushB1Info.qob
        ToolChangeBrushB2Info.qob
        ToolChangeBrushB3Info.qob
    c:\users\marcop~1\appdata\local\temp\qvistmp\page\Normal_Task4_Page5.qpa
        BackgroundGanzerInnenbereich.qob
        BtPanelRight_Normal_Task4_Page6.qob
        Message_Line_Deutsch.qob
        SecurityStateMessage.qob
        BtPanel_Left.qob
        BtPanel_Left_Text.qob
        Taskbar_NormalOperate.qob
        PageHeader.qob
        MachineState.qob
        FnBtFunction_Normal_Task4_Page5.qob
        AxisTorque.qob
    c:\users\marcop~1\appdata\local\temp\qvistmp\page\Normal_Task4_Page6.qpa
        BackgroundGanzerInnenbereich.qob
        BtPanelRight_Normal_Task4_Page7.qob
        Message_Line_Deutsch.qob
        SecurityStateMessage.qob
        BtPanel_Left.qob
        BtPanel_Left_Text.qob
        Taskbar_NormalOperate.qob
        PageHeader.qob
        MachineState.qob
        FnBtFunction_Normal_Task4_Page6.qob
        AxisTorqueEL7201.qob
    c:\users\marcop~1\appdata\local\temp\qvistmp\page\Normal_Task5_Page1.qpa
        BtPanel_Left.qob
        BtPanel_Left_Text.qob
        Taskbar_NormalOperate.qob
        BtPanelRight_Normal_Task4_Page2.qob
        PageHeader.qob
        Message_Line_Deutsch.qob
        MachineState.qob
        SelectUserLevel.qob
        FnBtFunction_Normal_Task4_Page2.qob
        ChangeOperatorPassword.qob
        SecurityStateMessage.qob
    c:\users\marcop~1\appdata\local\temp\qvistmp\page\Normal_Task5_Page2.qpa
        BtPanel_Left.qob
        BtPanel_Left_Text.qob
        Taskbar_NormalOperate.qob
        PageHeader.qob
        Message_Line_Deutsch.qob
        MachineState.qob
        LampTest.qob
        FnBtFunction_Normal_Task5_Page2.qob
        BtPanelRight_Normal_Task5_Page2.qob
        SecurityStateMessage.qob
        LampTest_YES_NO.qob
        LampTest_OrderList.qob
    c:\users\marcop~1\appdata\local\temp\qvistmp\page\Normal_Task5_Page3.qpa
        BtPanel_Left.qob
        BtPanel_Left_Text.qob
        Taskbar_NormalOperate.qob
        BtPanelRight_Normal_Task5_Page3.qob
        PageHeader.qob
        Message_Line_Deutsch.qob
        MachineState.qob
        SystemInfo.qob
        SecurityStateMessage.qob
    c:\users\marcop~1\appdata\local\temp\qvistmp\page\Normal_Task6_Page1.qpa
        BtPanel_Left.qob
        BtPanel_Left_Text.qob
        Taskbar_NormalOperate.qob
        PageHeader.qob
        Message_Line_Deutsch.qob
        MachineState.qob
        ErrorListDeutsch.qob
        BtPanelRight_Normal_Task6_Page1.qob
        SecurityStateMessage.qob
    c:\users\marcop~1\appdata\local\temp\qvistmp\page\Normal_Param_P1.qpa
        ParamListSimulation.qob
        ParamListCounters.qob
        BtPanel_Left.qob
        BtPanel_Left_Text.qob
        Taskbar_NormalOperate.qob
        BtPanelRight_SetupA_Parameter_Page1.qob
        PageHeader.qob
        Message_Line_Deutsch.qob
        MachineState.qob
        SecurityStateMessage.qob
        NavParam.qob
        NavParamNoEdit.qob
        NavParamNoParam.qob
        Param_Nav_AllTask.qob
        ParamListMachine.qob
        ParamListCAQ.qob
        ParamListCounters_S6.qob
    c:\users\marcop~1\appdata\local\temp\qvistmp\page\KeypadNum_2x.qpa
        KeypadNum_2x.qob
    c:\users\marcop~1\appdata\local\temp\qvistmp\page\TextKeypad_gross.qpa
        TextKeypad_gross.qob
    c:\users\marcop~1\appdata\local\temp\qvistmp\page\TextSymbolKeypad_2x.qpa
        TextSymbolKeypad_2x.qob
    c:\users\marcop~1\appdata\local\temp\qvistmp\page\OverlaySimulation.qpa
        AxisValH2.qob
        ProcessSimulationIntern.qob
        AutoStateSimu_H1.qob
        AutoStateSimu_H2.qob
        AutoStateSimu_Nest1.qob
        AutoStateSimu_Nest2.qob
        Nest1.qob
        Nest2.qob
        Head1.qob
        Head2.qob
        AxisValH1.qob
        StationStateHandlingFrame.qob
        StationStateGrindingFrame.qob
        StationStateHandling.qob
        StationStateGrinding.qob
        StationNr_H1.qob
        StationNr_H2.qob
    c:\users\marcop~1\appdata\local\temp\qvistmp\page\SetupA_Task1_Page1.qpa
        BackgroundGanzerInnenbereich.qob
        BtPanel_Left.qob
        BtPanelSetup_Left_Text.qob
        Taskbar_SetupAOperate.qob
        PageHeader.qob
        Message_Line_Deutsch.qob
        MachineState.qob
        SecurityStateMessage.qob
        FnBtFunSetupA_T1P1.qob
        ProfileBarCommonState.qob
        OverrideEdit.qob
        StationStateGrindingFrame.qob
        StationStateGrinding.qob
        StationStateHandlingFrame.qob
        StationStateHandling.qob
        AutoCycleTime.qob
        AutoMsgSimulationActive.qob
        WhiteLine_480x1.qob
        WhiteLine_480x1.qob
        BtPanelRight_Normal_Task1_Page1.qob
        HintergrundAxis_470x50.qob
        AxisValH1.qob
        AxisValH2.qob
        AutoState_PalIN_HandMode.qob
        AutoState_PalOUT_HandMode.qob
        MessageErrorOverlay.qob
        MessageWarningOverlay.qob
        MessageInfoOverlay.qob
        MessagePreWarningOverlay.qob
        WPHolderInfoMan.qob
    c:\users\marcop~1\appdata\local\temp\qvistmp\page\SetupA_Task1_Page2.qpa
        BackgroundGanzerInnenbereich.qob
        BtPanel_Left.qob
        BtPanelSetup_Left_Text.qob
        Taskbar_SetupAOperate.qob
        BtPanelRight_Normal_Task1_Page1.qob
        PageHeader.qob
        Message_Line_Deutsch.qob
        MachineState.qob
        SecurityStateMessage.qob
        ProfileBarCommonState.qob
        AutoMsgSimulationActive.qob
        OverrideEdit.qob
        WhiteLine_480x1.qob
        WhiteLine_480x1.qob
        CorrecturS_Select.qob
        H1_Info_F7.qob
        H1_Info_F8.qob
        H1_Info_F9.qob
        H1_Info_F12.qob
        H1_Info_F13.qob
        H1_Info_F17.qob
        H1_Info_F18.qob
        WPHolderInfoMan.qob
        CorrecturS_Select_S6.qob
        H1_Info_F19.qob
        H1_Info_F20.qob
        MessagePreWarningOverlay.qob
    c:\users\marcop~1\appdata\local\temp\qvistmp\page\SetupA_Task1_Page3.qpa
        BackgroundGanzerInnenbereich.qob
        AutoCorrectureS.qob
        BtPanel_Left.qob
        BtPanelSetup_Left_Text.qob
        Taskbar_SetupAOperate.qob
        BtPanelRight_Normal_Task1_Page1.qob
        PageHeader.qob
        Message_Line_Deutsch.qob
        MachineState.qob
        SecurityStateMessage.qob
        ProfileBarCommonState.qob
        AutoMsgSimulationActive.qob
        OverrideEdit.qob
        FnBtFunction_SetupA_Task1_Page3.qob
        WhiteLine_480x1.qob
        WhiteLine_480x1.qob
        CorrecturS_Select.qob
        CorrecturS_Type_Select2.qob
        AutoCorrectureS_C.qob
        FnBtFunction_SetupA_Task1_Page3_2.qob
        CorrecturS_Type_Select1.qob
        CorrecturS_Select_S6.qob
        CorrecturS_Type_Select2.qob
        CorrecturS_Type_Select3.qob
        FnBtFunction_SetupA_Task1_Page3_3.qob
        CorrecturB_Select.qob
        MessagePreWarningOverlay.qob
    c:\users\marcop~1\appdata\local\temp\qvistmp\page\SetupA_Task2_Page1.qpa
        BtPanel_Left.qob
        BtPanelSetup_Left_Text.qob
        Taskbar_SetupAOperate.qob
        BtPanelRight_SetupA_Task2_Page1.qob
        PageHeader.qob
        Message_Line_Deutsch.qob
        MachineState.qob
        ProfileId.qob
        ProfileList.qob
        Nav_ProfileList.qob
        SecurityStateMessage.qob
        ProfileBarCommonState.qob
    c:\users\marcop~1\appdata\local\temp\qvistmp\page\SetupA_Task3_Page1.qpa
        BtPanel_Left.qob
        BtPanelSetup_Left_Text.qob
        Taskbar_SetupAOperate.qob
        BtPanelRight_SetupA_Task3_Page1.qob
        PageHeader.qob
        Message_Line_Deutsch.qob
        MachineState.qob
        SecurityStateMessage.qob
        FnBtFunction_SetupA_Task3_Page1.qob
        ProfileBarCommonState.qob
        ProcessConfiguration1_1.qob
        ProcessConfiguration1_2.qob
    c:\users\marcop~1\appdata\local\temp\qvistmp\page\SetupA_Task3_Page2.qpa
        BtPanel_Left.qob
        BtPanelSetup_Left_Text.qob
        Taskbar_SetupAOperate.qob
        BtPanelRight_SetupA_Task3_Page2.qob
        PageHeader.qob
        Message_Line_Deutsch.qob
        MachineState.qob
        SecurityStateMessage.qob
        FnBtFunction_SetupA_Task3_Page2.qob
        ProfileBarCommonState.qob
        ProcessConfiguration2_1.qob
        InfoCutting.qob
    c:\users\marcop~1\appdata\local\temp\qvistmp\page\SetupA_Task3_Page3.qpa
        BtPanel_Left.qob
        BtPanelSetup_Left_Text.qob
        Taskbar_SetupAOperate.qob
        BtPanelRight_SetupA_Task3_Page3.qob
        PageHeader.qob
        Message_Line_Deutsch.qob
        MachineState.qob
        SecurityStateMessage.qob
        FnBtFunction_SetupA_Task3_Page3.qob
        ProfileBarCommonState.qob
        ProcessConfiguration2_2.qob
        InfoCutting.qob
    c:\users\marcop~1\appdata\local\temp\qvistmp\page\SetupA_Task3_Page4.qpa
        BtPanel_Left.qob
        BtPanelSetup_Left_Text.qob
        Taskbar_SetupAOperate.qob
        BtPanelRight_SetupA_Task3_Page4.qob
        PageHeader.qob
        Message_Line_Deutsch.qob
        MachineState.qob
        SecurityStateMessage.qob
        FnBtFunction_SetupA_Task3_Page4.qob
        ProfileBarCommonState.qob
        ProcessConfiguration3.qob
    c:\users\marcop~1\appdata\local\temp\qvistmp\page\SetupA_Task3_Page5.qpa
        BtPanel_Left.qob
        BtPanelSetup_Left_Text.qob
        Taskbar_SetupAOperate.qob
        BtPanelRight_SetupA_Task3_Page5.qob
        PageHeader.qob
        MachineState.qob
        Message_Line_Deutsch.qob
        SecurityStateMessage.qob
        ConfigMagWP.qob
        ProfileBarCommonState.qob
        FnBtFunction_SetupA_Task3_Page5.qob
    c:\users\marcop~1\appdata\local\temp\qvistmp\page\SetupA_Task3_Page6.qpa
        BtPanel_Left.qob
        BtPanelSetup_Left_Text.qob
        Taskbar_SetupAOperate.qob
        BtPanelRight_SetupA_Task3_Page6.qob
        PageHeader.qob
        MachineState.qob
        Message_Line_Deutsch.qob
        SecurityStateMessage.qob
        ConfigWP_K1.qob
        ProfileBarCommonState.qob
        FnBtFunction_SetupA_Task3_Page6.qob
    c:\users\marcop~1\appdata\local\temp\qvistmp\page\SetupA_Task3_Page7.qpa
        BtPanel_Left.qob
        BtPanelSetup_Left_Text.qob
        Taskbar_SetupAOperate.qob
        BtPanelRight_SetupA_Task3_Page7.qob
        PageHeader.qob
        MachineState.qob
        ProcessSimulation.qob
        AutoStateSimu_H1.qob
        AutoStateSimu_H2.qob
        AutoStateSimu_Nest1.qob
        AutoStateSimu_Nest2.qob
        Nest1.qob
        Nest2.qob
        Head1.qob
        Head2.qob
        Message_Line_Deutsch.qob
        SecurityStateMessage.qob
        AxisValH1.qob
        AxisValH2.qob
        InfoSimulationOverlay.qob
        InfoSimulationOverlay_S6.qob
        InfoSimulationOverlay_WP2.qob
        InfoSimulationOverlay_S6_WP2.qob
    c:\users\marcop~1\appdata\local\temp\qvistmp\page\SetupA_Task4_Page1.qpa
        BackgroundGanzerInnenbereich2.qob
        WPUnloadSelect.qob
        StationStateHandlingFrame.qob
        StationStateGrindingFrame.qob
        AutoState.qob
        MaschinenWstkEntlade.qob
        StationStateGrinding.qob
        StationStateHandling.qob
        BtPanel_Left.qob
        BtPanelSetup_Left_Text.qob
        Taskbar_SetupAOperate.qob
        BtPanelRight_SetupA_Task4_Page1.qob
        PageHeader.qob
        Message_Line_Deutsch.qob
        MachineState.qob
        SecurityStateMessage.qob
        ProfileBarCommonState.qob
        OverrideEdit.qob
        WhiteLine_480x1.qob
        WhiteLine_480x1.qob
        WPUnloadSelect_WP2.qob
    c:\users\marcop~1\appdata\local\temp\qvistmp\page\SetupA_Task6_Page1.qpa
        BtPanel_Left.qob
        BtPanelSetup_Left_Text.qob
        Taskbar_SetupAOperate.qob
        PageHeader.qob
        Message_Line_Deutsch.qob
        MachineState.qob
        ErrorListDeutsch.qob
        BtPanelRight_SetupA_Task6_Page1.qob
        SecurityStateMessage.qob
    c:\users\marcop~1\appdata\local\temp\qvistmp\page\SetupA_Parameter_Page1.qpa
        BtPanel_Left.qob
        BtPanelSetup_Left_Text.qob
        Taskbar_SetupAOperate.qob
        BtPanelRight_SetupA_Parameter_Page1.qob
        PageHeader.qob
        Message_Line_Deutsch.qob
        MachineState.qob
        SecurityStateMessage.qob
        NavParam.qob
        NavParamNoEdit.qob
        NavParamNoParam.qob
        Param_Nav_AllTask.qob
        ParamListSimulationA.qob
        ParamListProfile1.qob
        ParamListProfile2.qob
        ParamListProfile3.qob
        ParamListProfile4.qob
        ParamListProfile5.qob
        ParamListProfile6.qob
        ParamListProfile7.qob
        ParamListProfile8.qob
        ParamListProfile9.qob
        ParamListProfile10.qob
        ParamListProfile11.qob
        ParamListProfile12.qob
        ParamListProfile13.qob
        ParamListProfile1_S6.qob
        ParamListProfile15_S6.qob
        ParamListProfile11_S6.qob
        ParamListProfile12_S6.qob
        ParamListSimulationA_S6.qob
        ParamListProfile2_117WP.qob
        ParamListProfile2_77WP.qob
        ParamListProfile2WP2.qob
        ParamListProfile2_117WP2.qob
        ParamListProfile2_77WP2.qob
        ParamListSimulationA_S6_WP2.qob
        ParamListSimulationA_WP2.qob
    c:\users\marcop~1\appdata\local\temp\qvistmp\page\SetupB_Task1_Page1.qpa
        TeachIn_Background_3.qob
        AxisTeachSel_Z1.qob
        AxisTeachVal_Y1.qob
        OverrideTorqueEdit.qob
        BtPanelRight_SetupB_Task1_Page1.qob
        Message_Line_Deutsch.qob
        SecurityStateMessage.qob
        BtPanel_Left.qob
        BtPanelSetup_Left_Text.qob
        PageHeader.qob
        MachineState.qob
        Taskbar_SetupBOperate.qob
        AxisTeachSel_X1.qob
        AxisTeachSel_Y1.qob
        AxisTeachVal_X1.qob
        AxisTeachVal_Z1.qob
        FnBtFunction_SetupB_Task1_Page1_1.qob
        OverrideEdit.qob
        AxisTeachSelect_X1Y1Z1C1.qob
        MessageErrorOverlay.qob
        MessageWarningOverlay.qob
        MessageInfoOverlay.qob
    c:\users\marcop~1\appdata\local\temp\qvistmp\page\SetupB_Task1_Page2.qpa
        BtPanelRight_SetupB_Task1_Page2.qob
        TeachIn_Background_1.qob
        Message_Line_Deutsch.qob
        SecurityStateMessage.qob
        BtPanel_Left.qob
        BtPanelSetup_Left_Text.qob
        PageHeader.qob
        MachineState.qob
        Taskbar_SetupBOperate.qob
        FnBtFunction_SetupB_Task1_Page1_3.qob
        AxisTeachSel_C1.qob
        AxisTeachVal_C1.qob
        AxisTeachWarning_C1.qob
    c:\users\marcop~1\appdata\local\temp\qvistmp\page\SetupB_Task1_Page3.qpa
        BtPanelRight_SetupB_Task1_Page3.qob
        TeachIn_Background_3.qob
        Message_Line_Deutsch.qob
        SecurityStateMessage.qob
        BtPanel_Left.qob
        BtPanelSetup_Left_Text.qob
        PageHeader.qob
        MachineState.qob
        Taskbar_SetupBOperate.qob
        FnBtFunction_SetupB_Task1_Page1_2.qob
        AxisTeachSel_S1.qob
        AxisTeachSel_S2.qob
        AxisTeachSel_S3.qob
        AxisTeachVal_S1.qob
        AxisTeachVal_S2.qob
        AxisTeachVal_S3.qob
        AxisTeachSel_S4.qob
        AxisTeachSel_S5.qob
        AxisTeachVal_S4.qob
        AxisTeachVal_S5.qob
        AxisTeachSel_S6.qob
        AxisTeachVal_S6.qob
    c:\users\marcop~1\appdata\local\temp\qvistmp\page\SetupB_Task1_Page4.qpa
        BtPanelRight_SetupB_Task1_Page4.qob
        TeachIn_Background_3.qob
        Message_Line_Deutsch.qob
        SecurityStateMessage.qob
        BtPanel_Left.qob
        BtPanelSetup_Left_Text.qob
        PageHeader.qob
        MachineState.qob
        Taskbar_SetupBOperate.qob
        FnBtFunction_SetupB_Task1_Page1_2.qob
        AxisTeachSel_B1.qob
        AxisTeachSel_B2.qob
        AxisTeachSel_B3.qob
        AxisTeachVal_B1.qob
        AxisTeachVal_B2.qob
        AxisTeachVal_B3.qob
    c:\users\marcop~1\appdata\local\temp\qvistmp\page\SetupB_Task2_Page1.qpa
        CylinderBackground_4.qob
        BtPanelRight_SetupB_Task2_Page1.qob
        Taskbar_SetupBOperate.qob
        Message_Line_Deutsch.qob
        SecurityStateMessage.qob
        BtPanel_Left.qob
        BtPanelSetup_Left_Text.qob
        PageHeader.qob
        MachineState.qob
        CylManB1.qob
        CylManB2.qob
        CylManB5.qob
        CylManB6.qob
    c:\users\marcop~1\appdata\local\temp\qvistmp\page\SetupB_Task2_Page2.qpa
        CylinderBackground_6.qob
        CylManB11edit.qob
        BtPanelRight_SetupB_Task2_Page2.qob
        Taskbar_SetupBOperate.qob
        Message_Line_Deutsch.qob
        SecurityStateMessage.qob
        BtPanel_Left.qob
        BtPanelSetup_Left_Text.qob
        PageHeader.qob
        MachineState.qob
        CylManB7.qob
        CylManB8.qob
        CylManB9.qob
        CylManB10.qob
        CylManB11.qob
    c:\users\marcop~1\appdata\local\temp\qvistmp\page\SetupB_Task4_Page1.qpa
        BackgroundGanzerInnenbereich.qob
        H1_Info_F1.qob
        H1_Info_F2.qob
        H1_Info_F3.qob
        H1_Info_F4.qob
        H1_Info_F5.qob
        H1_Info_F6.qob
        H1_Info_F10.qob
        H1_Info_F7.qob
        H1_Info_F8.qob
        H1_Info_F9.qob
        H1_Info_F12.qob
        H1_Info_F13.qob
        H1_Info_F17.qob
        H1_Info_F18.qob
        H1_Info_F14.qob
        H1_Info_F15.qob
        H1_Info_F16.qob
        BtPanelRight_SetupB_Task4_Page1.qob
        BtPanel_Left.qob
        BtPanelSetup_Left_Text.qob
        PageHeader.qob
        MachineState.qob
        Taskbar_SetupBOperate.qob
        SetupB_FunctSelList.qob
        OverrideEdit.qob
        StationStateGrindingFrame.qob
        StationStateGrinding.qob
        AxisValH1_2.qob
        Message_Line_Deutsch.qob
        SecurityStateMessage.qob
        NestSelect_H1.qob
        NestSelect_H1.qob
        H1_Info_F19.qob
        H1_Info_F20.qob
        SetupB_FunctSelList_S6.qob
        BrushSelect_H1.qob
        H1_Info_F21.qob
        H1_Info_F22_N1.qob
        H1_Info_F22_N2.qob
        NestSelect_H1_F22.qob
        WPHolderSelect.qob
    c:\users\marcop~1\appdata\local\temp\qvistmp\page\SetupB_Task5_Page1.qpa
        BtPanelRight_SetupB_Task1_Page1.qob
        TeachIn_Background_3.qob
        Message_Line_Deutsch.qob
        SecurityStateMessage.qob
        BtPanel_Left.qob
        BtPanelSetup_Left_Text.qob
        PageHeader.qob
        MachineState.qob
        Taskbar_SetupBOperate.qob
        AxisTeachSel_X1.qob
        AxisTeachSel_Y1.qob
        AxisTeachVal_X1.qob
        AxisTeachVal_Z1.qob
        OverrideEdit.qob
        FnBtFunction_SetupB_Task5_P1.qob
        AxisTeachSel_Z1.qob
        AxisTeachVal_Y1.qob
    c:\users\marcop~1\appdata\local\temp\qvistmp\page\SetupB_Task5_Page2.qpa
        BtPanelRight_SetupB_Task1_Page1.qob
        TeachIn_Background_3.qob
        Message_Line_Deutsch.qob
        SecurityStateMessage.qob
        BtPanel_Left.qob
        BtPanelSetup_Left_Text.qob
        PageHeader.qob
        MachineState.qob
        Taskbar_SetupBOperate.qob
        AxisTeachSel_X1.qob
        AxisTeachSel_Y1.qob
        OverrideEdit.qob
        FnBtFunction_SetupB_Task5_Page2.qob
        AxisTeachSel_Z1.qob
        AxisTeachVal_X1Y1Z1.qob
    c:\users\marcop~1\appdata\local\temp\qvistmp\page\SetupB_Task5_Page3.qpa
        BtPanelRight_SetupB_Task1_Page1.qob
        TeachIn_Background_3.qob
        Message_Line_Deutsch.qob
        SecurityStateMessage.qob
        BtPanel_Left.qob
        BtPanelSetup_Left_Text.qob
        PageHeader.qob
        MachineState.qob
        Taskbar_SetupBOperate.qob
        AxisTeachSel_X1.qob
        AxisTeachSel_Y1.qob
        OverrideEdit.qob
        FnBtFunction_SetupB_Task5_Page3.qob
        AxisTeachSel_Z1.qob
        AxisTeachVal_X1Out.qob
    c:\users\marcop~1\appdata\local\temp\qvistmp\page\SetupB_Task5_Page4.qpa
        BtPanelRight_SetupB_Task1_Page1.qob
        Message_Line_Deutsch.qob
        SecurityStateMessage.qob
        BtPanel_Left.qob
        BtPanelSetup_Left_Text.qob
        PageHeader.qob
        MachineState.qob
        Taskbar_SetupBOperate.qob
        FnBtFunction_SetupB_Task5_Page4.qob
        TeachIn_Background_4.qob
        AxisTeachVal_X1Y1Z1C1.qob
        WPRefSetupH1.qob
        AxisTeachSel_X1_WPRef.qob
        AxisTeachSel_Y1_WPRef.qob
        AxisTeachSel_Z1_WPRef.qob
        AxisTeachSel_C1_WPRef.qob
        AxisTeachSelect_X1Y1Z1C1_Setup.qob
    c:\users\marcop~1\appdata\local\temp\qvistmp\page\SetupB_Task6_Page1.qpa
        BtPanel_Left.qob
        BtPanelSetup_Left_Text.qob
        Taskbar_SetupBOperate.qob
        PageHeader.qob
        Message_Line_Deutsch.qob
        MachineState.qob
        ErrorListDeutsch.qob
        BtPanelRight_SetupB_Task6_Page1.qob
        SecurityStateMessage.qob
    c:\users\marcop~1\appdata\local\temp\qvistmp\page\SetupB_Parameter_Page1.qpa
        ParamListGrindH1_S4.qob
        ParamListGrindH1_S5.qob
        ParamListBGeneral.qob
        BtPanel_Left.qob
        BtPanelSetup_Left_Text.qob
        Taskbar_SetupBOperate.qob
        BtPanelRight_SetupB_Parameter_Page1.qob
        PageHeader.qob
        Message_Line_Deutsch.qob
        MachineState.qob
        SecurityStateMessage.qob
        NavParam.qob
        NavParamNoEdit.qob
        NavParamNoParam.qob
        Param_Nav_AllTask.qob
        Param_Delta_B.qob
        Param_BrushH1_B1.qob
        Param_BrushH1_B2.qob
        Param_BrushH1_B3.qob
        ParamListGrindH1_S1_1.qob
        ParamListGrindH1_S1_2.qob
        ParamListGrindH1_S2_1.qob
        ParamListGrindH1_S2_2.qob
        ParamListGrindH1_S3.qob
        ParamListSpindel_M2.qob
        ParamListSpindel_M3.qob
        ParamListSpindel_M1.qob
        ParamListSpindel_M4.qob
        ParamListSpindel_M5.qob
        ParamListSpindel_M6.qob
        ParamListSpindel_M7.qob
        ParamListSpindel_M8.qob
        ParamListSpindel_M9.qob
        ParamListSpindel_M10.qob
        ParamListBGeneral_S6.qob
        ParamListGrindH1_S6_1.qob
        ParamListGrindH1_S6_2.qob
        ParamListSpindel_M1_S6.qob
        ParamListSpindel_M2_S6.qob
        ParamListSpindel_M3_S6.qob
        ParamListSpindel_M4_S6.qob
        ParamListSpindel_M5_S6.qob
        ParamListSpindel_M6_S6.qob
        ParamListSpindel_M7_S6.qob
        ParamListSpindel_M8_S6.qob
        ParamListSpindel_M9_S6.qob
        ParamListSpindel_M10_S6.qob
        ParamListGrindWPRef.qob
    c:\users\marcop~1\appdata\local\temp\qvistmp\page\SetupC_Task1_Page1.qpa
        OverrideTorqueEdit.qob
        BtPanelRight_SetupC_Task1_Page1.qob
        TeachIn_Background_3.qob
        Message_Line_Deutsch.qob
        SecurityStateMessage.qob
        BtPanel_Left.qob
        BtPanelSetup_Left_Text.qob
        PageHeader.qob
        MachineState.qob
        FnBtFunction_SetupB_Task1_Page1_1.qob
        Taskbar_SetupCOperate.qob
        AxisTeachSel_X2.qob
        AxisTeachSel_Z2.qob
        AxisTeachSel_Y2.qob
        AxisTeachVal_X2.qob
        AxisTeachVal_Y2.qob
        AxisTeachVal_Z2.qob
        OverrideEdit.qob
        MessageInfoOverlay.qob
        AxisTeachSelect_X2Y2Z2C2.qob
        MessageErrorOverlay.qob
        MessageWarningOverlay.qob
    c:\users\marcop~1\appdata\local\temp\qvistmp\page\SetupC_Task1_Page2.qpa
        BtPanelRight_SetupC_Task1_Page1.qob
        TeachIn_Background_1.qob
        Message_Line_Deutsch.qob
        SecurityStateMessage.qob
        BtPanel_Left.qob
        BtPanelSetup_Left_Text.qob
        PageHeader.qob
        MachineState.qob
        FnBtFunction_SetupB_Task1_Page1_3.qob
        Taskbar_SetupCOperate.qob
        AxisTeachSel_C2.qob
        AxisTeachVal_C2.qob
        AxisTeachWarning_C2.qob
    c:\users\marcop~1\appdata\local\temp\qvistmp\page\SetupC_Task1_Page3.qpa
        BtPanelRight_SetupC_Task1_Page3.qob
        TeachIn_Background_3.qob
        Message_Line_Deutsch.qob
        SecurityStateMessage.qob
        BtPanel_Left.qob
        BtPanelSetup_Left_Text.qob
        PageHeader.qob
        MachineState.qob
        FnBtFunction_SetupB_Task1_Page1_2.qob
        Taskbar_SetupCOperate.qob
        AxisTeachSel_B1.qob
        AxisTeachSel_B3.qob
        AxisTeachSel_B2.qob
        AxisTeachVal_B1.qob
        AxisTeachVal_B2.qob
        AxisTeachVal_B3.qob
    c:\users\marcop~1\appdata\local\temp\qvistmp\page\SetupC_Task1_Page4.qpa
        BtPanelRight_SetupC_Task1_Page1.qob
        TeachIn_Background_1.qob
        Message_Line_Deutsch.qob
        SecurityStateMessage.qob
        BtPanel_Left.qob
        BtPanelSetup_Left_Text.qob
        PageHeader.qob
        MachineState.qob
        FnBtFunction_SetupC_Task1_Page1_1.qob
        Taskbar_SetupCOperate.qob
        AxisTeachSel_X3.qob
        AxisTeachVal_X3.qob
        OverrideEdit.qob
    c:\users\marcop~1\appdata\local\temp\qvistmp\page\SetupC_Task2_Page1.qpa
        CylinderBackground_6.qob
        CylManC9edit.qob
        CylManC3edit.qob
        BtPanelRight_SetupC_Task2_Page1.qob
        Message_Line_Deutsch.qob
        SecurityStateMessage.qob
        BtPanel_Left.qob
        BtPanelSetup_Left_Text.qob
        PageHeader.qob
        MachineState.qob
        Taskbar_SetupCOperate.qob
        CylManC1.qob
        CylManC2.qob
        CylManC3.qob
        CylManC4.qob
        CylManC5.qob
        CylManC9.qob
    c:\users\marcop~1\appdata\local\temp\qvistmp\page\SetupC_Task2_Page2.qpa
        BtPanelRight_SetupC_Task2_Page2.qob
        CylinderBackground_1_2.qob
        Message_Line_Deutsch.qob
        SecurityStateMessage.qob
        BtPanel_Left.qob
        BtPanelSetup_Left_Text.qob
        PageHeader.qob
        MachineState.qob
        Taskbar_SetupCOperate.qob
        CylManC7.qob
        CylManC8.qob
    c:\users\marcop~1\appdata\local\temp\qvistmp\page\SetupC_Task2_Page3.qpa
        CylinderBackground_6.qob
        BtPanelRight_SetupC_Task2_Page1.qob
        Message_Line_Deutsch.qob
        SecurityStateMessage.qob
        BtPanel_Left.qob
        BtPanelSetup_Left_Text.qob
        PageHeader.qob
        MachineState.qob
        Taskbar_SetupCOperate.qob
        CylManC10.qob
        CylManC11.qob
        CylManC12.qob
        CylManC13.qob
        CylManC14.qob
        CylManC15.qob
    c:\users\marcop~1\appdata\local\temp\qvistmp\page\SetupC_Task4_Page1.qpa
        BtPanel_Left.qob
        Taskbar_SetupCOperate.qob
        PageHeader.qob
        MachineState.qob
        BtPanelSetup_Left_Text.qob
        BtPanelRight_SetupB_Task4_Page1.qob
        BackgroundGanzerInnenbereich.qob
        SetupC_FunctSelList.qob
        OverrideEdit.qob
        StationStateHandlingFrame.qob
        StationStateHandling.qob
        H2_Info_F1.qob
        AxisValH2_2.qob
        H2_Info_F2.qob
        AutoState_PalIN.qob
        AutoState_PalOUT.qob
        H2_Info_F5.qob
        H2_Info_F6.qob
        H2_Info_F7.qob
        H2_Info_F8.qob
        H2_Info_F9.qob
        H2_Info_F10.qob
        H2_Info_F11.qob
        H2_Info_F12.qob
        H2_Info_F13.qob
        H2_Info_F14.qob
        H2_Info_F15.qob
        H2_Info_F3.qob
        H2_Info_F4.qob
        H2_Info_F17.qob
        H2_Info_F18.qob
        Message_Line_Deutsch.qob
        SecurityStateMessage.qob
        SPCDrawerSelect.qob
        NIODrawerSelect.qob
        NestSelect_H2.qob
        NestSelect_H2.qob
        H2_Info_F19.qob
        BrushSelect_H2.qob
        SetupC_FunctSelList_WP2.qob
        H2_Info_F20.qob
        H2_Info_F21.qob
        H2_Info_F22.qob
        AutoState_BowlFeeder.qob
        H2_Info_F23.qob
        H2_Info_F24.qob
    c:\users\marcop~1\appdata\local\temp\qvistmp\page\SetupC_Task5_Page1.qpa
        BackgroundGanzerInnenbereich.qob
        BtPanel_Left.qob
        Taskbar_SetupCOperate.qob
        PageHeader.qob
        Message_Line_Deutsch.qob
        MachineState.qob
        BtPanelSetup_Left_Text.qob
        SecurityStateMessage.qob
        BtPanelRight_SetupC_Task5_Page1.qob
        FnBtFunction_SetupC_P350_1.qob
        AutoState_PalIN.qob
        AutoState_PalOUT.qob
        SetupCPage350_1.qob
        SetupC_FunctSelListPalettizer.qob
        FnBtFunction_SetupC_P350_1a.qob
        OverrideEdit.qob
    c:\users\marcop~1\appdata\local\temp\qvistmp\page\SetupC_Task5_Page2.qpa
        BtPanelRight_SetupC_Task1_Page1.qob
        TeachIn_Background_3.qob
        Message_Line_Deutsch.qob
        SecurityStateMessage.qob
        BtPanel_Left.qob
        BtPanelSetup_Left_Text.qob
        PageHeader.qob
        MachineState.qob
        FnBtFunction_SetupC_Task5_Page2.qob
        Taskbar_SetupCOperate.qob
        AxisTeachSel_X2.qob
        AxisTeachSel_Z2.qob
        AxisTeachSel_Y2.qob
        AxisTeachVal_X2Y2Z2.qob
        OverrideEdit.qob
    c:\users\marcop~1\appdata\local\temp\qvistmp\page\SetupC_Task5_Page3.qpa
        BtPanelRight_SetupC_Task1_Page1.qob
        TeachIn_Background_3.qob
        Message_Line_Deutsch.qob
        SecurityStateMessage.qob
        BtPanel_Left.qob
        BtPanelSetup_Left_Text.qob
        PageHeader.qob
        MachineState.qob
        FnBtFunction_SetupC_Task5_Page3.qob
        Taskbar_SetupCOperate.qob
        AxisTeachSel_X2.qob
        AxisTeachSel_Z2.qob
        AxisTeachSel_Y2.qob
        AxisTeachVal_X2Out.qob
        OverrideEdit.qob
    c:\users\marcop~1\appdata\local\temp\qvistmp\page\SetupC_Task5_Page4.qpa
        TeachIn_Background_4.qob
        BtPanelRight_SetupC_Task1_Page1.qob
        Message_Line_Deutsch.qob
        SecurityStateMessage.qob
        BtPanel_Left.qob
        BtPanelSetup_Left_Text.qob
        PageHeader.qob
        MachineState.qob
        FnBtFunction_SetupC_Task5_Page4.qob
        Taskbar_SetupCOperate.qob
        AxisTeachSel_C2_WPRef.qob
        AxisTeachSel_X2_WPRef.qob
        AxisTeachSel_Y2_WPRef.qob
        AxisTeachSel_Z2_WPRef.qob
        AxisTeachVal_X2Y2Z2C2.qob
        WPRefSetup.qob
        AxisTeachSelect_X2Y2Z2C2_Setup.qob
        WPWithFlag.qob
    c:\users\marcop~1\appdata\local\temp\qvistmp\page\SetupC_Task6_Page1.qpa
        BtPanel_Left.qob
        BtPanelSetup_Left_Text.qob
        Taskbar_SetupCOperate.qob
        PageHeader.qob
        Message_Line_Deutsch.qob
        MachineState.qob
        ErrorListDeutsch.qob
        BtPanelRight_SetupC_Task6_Page1.qob
        SecurityStateMessage.qob
    c:\users\marcop~1\appdata\local\temp\qvistmp\page\SetupC_Parameter_Page1.qpa
        ParamListSetupC.qob
        ParamListPaletteIN.qob
        BtPanel_Left.qob
        BtPanelSetup_Left_Text.qob
        BtPanelRight_SetupA_Parameter_Page1.qob
        PageHeader.qob
        Message_Line_Deutsch.qob
        MachineState.qob
        SecurityStateMessage.qob
        NavParam.qob
        NavParamNoEdit.qob
        NavParamNoParam.qob
        Taskbar_SetupCOperate.qob
        Param_Nav_AllTask.qob
        Param_Delta_C.qob
        Param_BrushH2_B1.qob
        Param_BrushH2_B2.qob
        Param_BrushH2_B3.qob
        Param_CutH2.qob
        Param_Cleaning.qob
        ParamListPaletteIN_117WP.qob
        ParamListPaletteIN_77WP.qob
        ParamListSetupC_117WP.qob
        ParamListSetupC_77WP.qob
        ParamListSetupC_WP2.qob
        ParamListSetupC_117WP_WP2.qob
        ParamListSetupC_77WP_WP2.qob
        Param_WPReferencing.qob
        Param_Delta_C_WP2.qob
        Param_BowlFeeder.qob
        Param_BowlFeeder_Keyence.qob
        Param_MeasuringH2.qob
    c:\users\marcop~1\appdata\local\temp\qvistmp\page\Wait_Com.qpa
        MaTitleWaitCom.qob
        ExitQVisButton.qob
    c:\users\marcop~1\appdata\local\temp\qvistmp\page\Startpage.qpa
        Startpage.qob
        ExitQVisButton.qob
        SecurityStateMessage.qob
        MessageErrorOverlay.qob
        ShutDown.qob
        SelectSpindleS5S6.qob
        Message_Line_Deutsch.qob
    c:\users\marcop~1\appdata\local\temp\qvistmp\page\Page_BIOS_1.qpa
        BtPanel_Left.qob
        BtPanelRight_BIOS_Page1.qob
        SelectUserLevelBIOS.qob
        PageHeader.qob
        MachineState.qob
        Taskbar_BIOS.qob
        Message_Line_Deutsch.qob
    c:\users\marcop~1\appdata\local\temp\qvistmp\page\Page_BIOS_2.qpa
        BtPanel_Left.qob
        BtPanelRight_BIOS_Page2.qob
        NavParam.qob
        PageHeader.qob
        MachineState.qob
        Taskbar_BIOS.qob
        Param_BIOS.qob
        Message_Line_Deutsch.qob
Character sets
    C:\Users\MARCOP~1\AppData\Local\Temp\QVisTmp\Build\chs000.chs
    C:\Users\MARCOP~1\AppData\Local\Temp\QVisTmp\Build\chs001.chs
    C:\Users\MARCOP~1\AppData\Local\Temp\QVisTmp\Build\chs002.chs
    C:\Users\MARCOP~1\AppData\Local\Temp\QVisTmp\Build\chs003.chs
    C:\Users\MARCOP~1\AppData\Local\Temp\QVisTmp\Build\chs004.chs
    C:\Users\MARCOP~1\AppData\Local\Temp\QVisTmp\Build\chs005.chs
    C:\Users\MARCOP~1\AppData\Local\Temp\QVisTmp\Build\chs006.chs
    C:\Users\MARCOP~1\AppData\Local\Temp\QVisTmp\Build\chs007.chs
Project settings
    Pages
    Keyboard layouts
Advanced settings
Creating project.bin...
Build completed with 0 errors and 0 warnings.
-----------------------------------------------
